<?xml version="1.0" encoding="UTF-8"?>
<!-- Generated by org.testng.reporters.JUnitReportReporter -->
<testsuite skipped="0" hostname="DESKTOP-2R20MLO" name="com.employeeapi.testcase.TC001_Get_All_Employees" tests="8" failures="0" timestamp="28 Jun 2020 13:59:08 GMT" time="0.238" errors="0">
  <testcase name="checkServerType" time="0.047" classname="com.employeeapi.testcase.TC001_Get_All_Employees"/>
  <testcase name="checkContentLength" time="0.047" classname="com.employeeapi.testcase.TC001_Get_All_Employees"/>
  <testcase name="checkResponseTime" time="0.063" classname="com.employeeapi.testcase.TC001_Get_All_Employees"/>
  <testcase name="checkContentType" time="0.016" classname="com.employeeapi.testcase.TC001_Get_All_Employees"/>
  <testcase name="checkContentEncoding" time="0.019" classname="com.employeeapi.testcase.TC001_Get_All_Employees"/>
  <testcase name="checkStatusLine" time="0.015" classname="com.employeeapi.testcase.TC001_Get_All_Employees"/>
  <testcase name="checkResponseBody" time="0.000" classname="com.employeeapi.testcase.TC001_Get_All_Employees"/>
  <testcase name="checkStatuCode" time="0.031" classname="com.employeeapi.testcase.TC001_Get_All_Employees"/>
</testsuite> <!-- com.employeeapi.testcase.TC001_Get_All_Employees -->
