<?xml version="1.0" encoding="UTF-8"?>
<!-- Generated by org.testng.reporters.JUnitReportReporter -->
<testsuite skipped="0" hostname="DESKTOP-2R20MLO" name="com.employeeapi.testcase.TC004_Put_Employee_Record" tests="8" failures="0" timestamp="28 Jun 2020 11:20:35 GMT" time="49.533" errors="0">
  <testcase name="checkContentType" time="6.053" classname="com.employeeapi.testcase.TC004_Put_Employee_Record"/>
  <testcase name="checkStatusLine" time="6.075" classname="com.employeeapi.testcase.TC004_Put_Employee_Record"/>
  <testcase name="checkResponseBody" time="6.077" classname="com.employeeapi.testcase.TC004_Put_Employee_Record"/>
  <testcase name="checkResponseTime" time="6.066" classname="com.employeeapi.testcase.TC004_Put_Employee_Record"/>
  <testcase name="checkContentEncoding" time="6.070" classname="com.employeeapi.testcase.TC004_Put_Employee_Record"/>
  <testcase name="checkContentLength" time="6.070" classname="com.employeeapi.testcase.TC004_Put_Employee_Record"/>
  <testcase name="checkStatuCode" time="6.087" classname="com.employeeapi.testcase.TC004_Put_Employee_Record"/>
  <testcase name="checkServerType" time="7.035" classname="com.employeeapi.testcase.TC004_Put_Employee_Record"/>
</testsuite> <!-- com.employeeapi.testcase.TC004_Put_Employee_Record -->
