<?xml version="1.0" encoding="UTF-8"?>
<!-- Generated by org.testng.reporters.JUnitReportReporter -->
<testsuite skipped="0" hostname="DESKTOP-2R20MLO" name="com.employeeapi.testcase.TC003_Get_Post_Employee_Record" tests="8" failures="0" timestamp="22 Jun 2020 08:43:49 GMT" time="51.941" errors="0">
  <testcase name="checkResponseBody" time="6.217" classname="com.employeeapi.testcase.TC003_Get_Post_Employee_Record"/>
  <testcase name="checkServerType" time="8.989" classname="com.employeeapi.testcase.TC003_Get_Post_Employee_Record"/>
  <testcase name="checkContentLength" time="6.285" classname="com.employeeapi.testcase.TC003_Get_Post_Employee_Record"/>
  <testcase name="checkStatuCode" time="5.963" classname="com.employeeapi.testcase.TC003_Get_Post_Employee_Record"/>
  <testcase name="checkContentEncoding" time="6.090" classname="com.employeeapi.testcase.TC003_Get_Post_Employee_Record"/>
  <testcase name="checkStatusLine" time="6.071" classname="com.employeeapi.testcase.TC003_Get_Post_Employee_Record"/>
  <testcase name="checkResponseTime" time="6.065" classname="com.employeeapi.testcase.TC003_Get_Post_Employee_Record"/>
  <testcase name="checkContentType" time="6.261" classname="com.employeeapi.testcase.TC003_Get_Post_Employee_Record"/>
</testsuite> <!-- com.employeeapi.testcase.TC003_Get_Post_Employee_Record -->
